Using pre-set license
Built from '2021.3/staging' branch; Version is '2021.3.37f1 (3b6005ad5ad6) revision 3891205'; Using compiler version '192829333'; Build Type 'Release'
OS: 'Windows 10  (10.0.19045) 64bit CoreSingleLanguage' Language: 'en' Physical Memory: 7975 MB
BatchMode: 1, IsHumanControllingUs: 0, StartBugReporterOnCrash: 0, Is64bit: 1, IsPro: 1

COMMAND LINE ARGUMENTS:
C:\Program Files\Unity\Hub\Editor\2021.3.37f1\Editor\Unity.exe
-adb2
-batchMode
-noUpm
-name
AssetImportWorker0
-projectPath
D:/Prj1/Farmy2D
-logFile
Logs/AssetImportWorker0.log
-srvPort
49783
Successfully changed project path to: D:/Prj1/Farmy2D
D:/Prj1/Farmy2D
[UnityMemory] Configuration Parameters - Can be set up in boot.config
    "memorysetup-bucket-allocator-granularity=16"
    "memorysetup-bucket-allocator-bucket-count=8"
    "memorysetup-bucket-allocator-block-size=33554432"
    "memorysetup-bucket-allocator-block-count=8"
    "memorysetup-main-allocator-block-size=16777216"
    "memorysetup-thread-allocator-block-size=16777216"
    "memorysetup-gfx-main-allocator-block-size=16777216"
    "memorysetup-gfx-thread-allocator-block-size=16777216"
    "memorysetup-cache-allocator-block-size=4194304"
    "memorysetup-typetree-allocator-block-size=2097152"
    "memorysetup-profiler-bucket-allocator-granularity=16"
    "memorysetup-profiler-bucket-allocator-bucket-count=8"
    "memorysetup-profiler-bucket-allocator-block-size=33554432"
    "memorysetup-profiler-bucket-allocator-block-count=8"
    "memorysetup-profiler-allocator-block-size=16777216"
    "memorysetup-profiler-editor-allocator-block-size=1048576"
    "memorysetup-temp-allocator-size-main=16777216"
    "memorysetup-job-temp-allocator-block-size=2097152"
    "memorysetup-job-temp-allocator-block-size-background=1048576"
    "memorysetup-job-temp-allocator-reduction-small-platforms=262144"
    "memorysetup-temp-allocator-size-background-worker=32768"
    "memorysetup-temp-allocator-size-job-worker=262144"
    "memorysetup-temp-allocator-size-preload-manager=33554432"
    "memorysetup-temp-allocator-size-nav-mesh-worker=65536"
    "memorysetup-temp-allocator-size-audio-worker=65536"
    "memorysetup-temp-allocator-size-cloud-worker=32768"
    "memorysetup-temp-allocator-size-gi-baking-worker=262144"
    "memorysetup-temp-allocator-size-gfx=262144"
Player connection [11612] Host "[IP] 192.168.55.106 [Port] 0 [Flags] 2 [Guid] 4211418401 [EditorId] 4211418401 [Version] 1048832 [Id] WindowsEditor(7,DESKTOP-JC9251S) [Debug] 1 [PackageName] WindowsEditor [ProjectName] Editor" joined multi-casting on [225.0.0.222:54997]...

Player connection [11612] Host "[IP] 192.168.55.106 [Port] 0 [Flags] 2 [Guid] 4211418401 [EditorId] 4211418401 [Version] 1048832 [Id] WindowsEditor(7,DESKTOP-JC9251S) [Debug] 1 [PackageName] WindowsEditor [ProjectName] Editor" joined alternative multi-casting on [225.0.0.222:34997]...

[Physics::Module] Initialized MultithreadedJobDispatcher with {0} workers.
Refreshing native plugins compatible for Editor in 107.67 ms, found 4 plugins.
Preloading 0 native plugins for Editor in 0.00 ms.
Initialize engine version: 2021.3.37f1 (3b6005ad5ad6)
[Subsystems] Discovering subsystems at path C:/Program Files/Unity/Hub/Editor/2021.3.37f1/Editor/Data/Resources/UnitySubsystems
[Subsystems] Discovering subsystems at path D:/Prj1/Farmy2D/Assets
GfxDevice: creating device client; threaded=0; jobified=0
Direct3D:
    Version:  Direct3D 11.0 [level 11.1]
    Renderer: NVIDIA GeForce GTX 1650 (ID=0x1f9d)
    Vendor:   NVIDIA
    VRAM:     3952 MB
    Driver:   31.0.15.2904
Initialize mono
Mono path[0] = 'C:/Program Files/Unity/Hub/Editor/2021.3.37f1/Editor/Data/Managed'
Mono path[1] = 'C:/Program Files/Unity/Hub/Editor/2021.3.37f1/Editor/Data/MonoBleedingEdge/lib/mono/unityjit-win32'
Mono config path = 'C:/Program Files/Unity/Hub/Editor/2021.3.37f1/Editor/Data/MonoBleedingEdge/etc'
Using monoOptions --debugger-agent=transport=dt_socket,embedding=1,server=y,suspend=n,address=127.0.0.1:56440
Begin MonoManager ReloadAssembly
Registering precompiled unity dll's ...
Register platform support module: C:/Program Files/Unity/Hub/Editor/2021.3.37f1/Editor/Data/PlaybackEngines/WindowsStandaloneSupport/UnityEditor.WindowsStandalone.Extensions.dll
Registered in 0.005676 seconds.
Native extension for WindowsStandalone target not found
Refreshing native plugins compatible for Editor in 119.29 ms, found 4 plugins.
Preloading 0 native plugins for Editor in 0.00 ms.
Mono: successfully reloaded assembly
- Completed reload, in  1.137 seconds
Domain Reload Profiling:
	ReloadAssembly (1138ms)
		BeginReloadAssembly (186ms)
			ExecutionOrderSort (0ms)
			DisableScriptedObjects (0ms)
			BackupInstance (0ms)
			ReleaseScriptingObjects (0ms)
			CreateAndSetChildDomain (1ms)
		EndReloadAssembly (662ms)
			LoadAssemblies (184ms)
			RebuildTransferFunctionScriptingTraits (0ms)
			SetupTypeCache (281ms)
			ReleaseScriptCaches (0ms)
			RebuildScriptCaches (28ms)
			SetupLoadedEditorAssemblies (312ms)
				LogAssemblyErrors (0ms)
				InitializePlatformSupportModulesInManaged (7ms)
				SetLoadedEditorAssemblies (1ms)
				RefreshPlugins (119ms)
				BeforeProcessingInitializeOnLoad (1ms)
				ProcessInitializeOnLoadAttributes (128ms)
				ProcessInitializeOnLoadMethodAttributes (56ms)
				AfterProcessingInitializeOnLoad (0ms)
				EditorAssembliesLoaded (0ms)
			ExecutionOrderSort2 (0ms)
			AwakeInstancesAfterBackupRestoration (0ms)
Platform modules already initialized, skipping
Registering precompiled user dll's ...
Registered in 0.004741 seconds.
Begin MonoManager ReloadAssembly
Native extension for WindowsStandalone target not found
Refreshing native plugins compatible for Editor in 110.99 ms, found 4 plugins.
Preloading 0 native plugins for Editor in 0.00 ms.
Package Manager log level set to [2]
[Package Manager] Server::EnsureServerProcessIsRunning -- launch failed, reason: Unity was launched with the -noUpm command-line argument
[Package Manager] Cannot connect to Unity Package Manager local server
Mono: successfully reloaded assembly
- Completed reload, in  1.723 seconds
Domain Reload Profiling:
	ReloadAssembly (1724ms)
		BeginReloadAssembly (132ms)
			ExecutionOrderSort (0ms)
			DisableScriptedObjects (5ms)
			BackupInstance (0ms)
			ReleaseScriptingObjects (0ms)
			CreateAndSetChildDomain (21ms)
		EndReloadAssembly (1481ms)
			LoadAssemblies (123ms)
			RebuildTransferFunctionScriptingTraits (0ms)
			SetupTypeCache (294ms)
			ReleaseScriptCaches (1ms)
			RebuildScriptCaches (68ms)
			SetupLoadedEditorAssemblies (977ms)
				LogAssemblyErrors (0ms)
				InitializePlatformSupportModulesInManaged (4ms)
				SetLoadedEditorAssemblies (0ms)
				RefreshPlugins (111ms)
				BeforeProcessingInitializeOnLoad (107ms)
				ProcessInitializeOnLoadAttributes (654ms)
				ProcessInitializeOnLoadMethodAttributes (94ms)
				AfterProcessingInitializeOnLoad (7ms)
				EditorAssembliesLoaded (0ms)
			ExecutionOrderSort2 (0ms)
			AwakeInstancesAfterBackupRestoration (7ms)
Platform modules already initialized, skipping
========================================================================
Worker process is ready to serve import requests
Launched and connected shader compiler UnityShaderCompiler.exe after 0.09 seconds
Refreshing native plugins compatible for Editor in 12.75 ms, found 4 plugins.
Preloading 0 native plugins for Editor in 0.00 ms.
Unloading 5316 Unused Serialized files (Serialized files now loaded: 0)
Unloading 41 unused Assets / (0.7 MB). Loaded Objects now: 5767.
Memory consumption went from 212.1 MB to 211.4 MB.
Total: 20.717600 ms (FindLiveObjects: 4.805200 ms CreateObjectMapping: 0.534000 ms MarkObjects: 7.701400 ms  DeleteObjects: 7.673600 ms)

AssetImportParameters requested are different than current active one (requested -> active):
  custom:video-decoder-ogg-theora: a1e56fd34408186e4bbccfd4996cb3dc -> 
  custom:container-muxer-webm: aa71ff27fc2769a1b78a27578f13a17b -> 
  custom:container-demuxer-webm: 4f35f7cbe854078d1ac9338744f61a02 -> 
  custom:video-encoder-webm-vp8: eb34c28f22e8b96e1ab97ce403110664 -> 
  custom:CustomObjectIndexerAttribute: 6b0e35c9178b02a6363f3721b7b8e397 -> 
  custom:audio-encoder-webm-vorbis: bf7c407c2cedff20999df2af8eb42d56 -> 
  custom:framework-win-MediaFoundation: 216162199b28c13a410421893ffa2e32 -> 
  custom:SearchIndexIgnoredProperties: e643bd26f0fe6173181afceb89e7c659 -> 
  custom:container-demuxer-ogg: 62fdf1f143b41e24485cea50d1cbac27 -> 
  custom:video-decoder-webm-vp8: 9c59270c3fd7afecdb556c50c9e8de78 -> 
  custom:audio-decoder-ogg-vorbis: bf7c407c2cedff20999df2af8eb42d56 -> 
========================================================================
Received Import Request.
  Time since last request: 2592.437278 seconds.
  path: Assets/Tiny RPG Forest/Artwork/sprites/hero/walk/herro-walk-side-flipped/hero-walk-side-5.png
  artifactKey: Guid(37098b8b7b1f31f4baf7d4d02d6c3d7a) Importer(815301076,1909f56bfc062723c751e8b465ee728b)
Number of updated assets reloaded before import = 0
Start importing Assets/Tiny RPG Forest/Artwork/sprites/hero/walk/herro-walk-side-flipped/hero-walk-side-5.png using Guid(37098b8b7b1f31f4baf7d4d02d6c3d7a) Importer(815301076,1909f56bfc062723c751e8b465ee728b)  -> (artifact id: 'ac1ed12043a89e5623ddb7535281102d') in 2.262253 seconds 
Number of asset objects unloaded after import = 3
========================================================================
Received Import Request.
  Time since last request: 0.000101 seconds.
  path: Assets/Tiny RPG Forest/Artwork/sprites/hero/walk/herro-walk-side-flipped/hero-walk-side-1.png
  artifactKey: Guid(553488f1839d9f1469b0b4684f161f60) Importer(815301076,1909f56bfc062723c751e8b465ee728b)
Number of updated assets reloaded before import = 0
Start importing Assets/Tiny RPG Forest/Artwork/sprites/hero/walk/herro-walk-side-flipped/hero-walk-side-1.png using Guid(553488f1839d9f1469b0b4684f161f60) Importer(815301076,1909f56bfc062723c751e8b465ee728b)  -> (artifact id: '00000000000000000000000000000000') in 0.131319 seconds  code(4) message(Build asset version error: assets/tiny rpg forest/artwork/sprites/hero/walk/herro-walk-side-flipped/hero-walk-side-1.png in SourceAssetDB has modification time of '2018-03-20T22:37:33Z' while content on disk has modification time of '2024-11-21T10:12:41.7467142Z')
  ERROR: Build asset version error: assets/tiny rpg forest/artwork/sprites/hero/walk/herro-walk-side-flipped/hero-walk-side-1.png in SourceAssetDB has modification time of '2018-03-20T22:37:33Z' while content on disk has modification time of '2024-11-21T10:12:41.7467142Z'
Number of asset objects unloaded after import = 0
========================================================================
Received Import Request.
  Time since last request: 0.000212 seconds.
  path: Assets/Tiny RPG Forest/Artwork/sprites/hero/walk/herro-walk-side-flipped/hero-walk-side-6.png
  artifactKey: Guid(7c14e5b7a65ec9b42b6f273b9bc44285) Importer(815301076,1909f56bfc062723c751e8b465ee728b)
Number of updated assets reloaded before import = 0
Start importing Assets/Tiny RPG Forest/Artwork/sprites/hero/walk/herro-walk-side-flipped/hero-walk-side-6.png using Guid(7c14e5b7a65ec9b42b6f273b9bc44285) Importer(815301076,1909f56bfc062723c751e8b465ee728b)  -> (artifact id: 'a584302d07cc9bfb04fc6939cd92c850') in 0.050450 seconds 
Number of asset objects unloaded after import = 3
========================================================================
Received Import Request.
  Time since last request: 0.000030 seconds.
  path: Assets/Tiny RPG Forest/Artwork/sprites/hero/walk/herro-walk-side-flipped/hero-walk-side-3.png
  artifactKey: Guid(46e2def32c036a6469f1d1885e84bb19) Importer(815301076,1909f56bfc062723c751e8b465ee728b)
Number of updated assets reloaded before import = 0
Start importing Assets/Tiny RPG Forest/Artwork/sprites/hero/walk/herro-walk-side-flipped/hero-walk-side-3.png using Guid(46e2def32c036a6469f1d1885e84bb19) Importer(815301076,1909f56bfc062723c751e8b465ee728b)  -> (artifact id: 'c288b53167a775ddcde4628bb04a796c') in 0.039647 seconds 
Number of asset objects unloaded after import = 3
========================================================================
Received Import Request.
  Time since last request: 53.429735 seconds.
  path: Assets/Tiny RPG Forest/Artwork/sprites/hero/walk/herro-walk-side-flipped/hero-walk-side-1.png
  artifactKey: Guid(553488f1839d9f1469b0b4684f161f60) Importer(815301076,1909f56bfc062723c751e8b465ee728b)
Number of updated assets reloaded before import = 0
Start importing Assets/Tiny RPG Forest/Artwork/sprites/hero/walk/herro-walk-side-flipped/hero-walk-side-1.png using Guid(553488f1839d9f1469b0b4684f161f60) Importer(815301076,1909f56bfc062723c751e8b465ee728b)  -> (artifact id: '158baa7d5cac3577adc571b58c4240b6') in 0.045332 seconds 
Number of asset objects unloaded after import = 3
========================================================================
Received Import Request.
  Time since last request: 321.587781 seconds.
  path: Assets/Tiny RPG Forest/Artwork/sprites/hero/walk/herro-walk-side-flipped/hero-walk-side-6.png
  artifactKey: Guid(7c14e5b7a65ec9b42b6f273b9bc44285) Importer(815301076,1909f56bfc062723c751e8b465ee728b)
Number of updated assets reloaded before import = 0
Start importing Assets/Tiny RPG Forest/Artwork/sprites/hero/walk/herro-walk-side-flipped/hero-walk-side-6.png using Guid(7c14e5b7a65ec9b42b6f273b9bc44285) Importer(815301076,1909f56bfc062723c751e8b465ee728b)  -> (artifact id: '52ef5b9a93deb8d5065505bef0deb6f6') in 0.027335 seconds 
Number of asset objects unloaded after import = 3
========================================================================
Received Import Request.
  Time since last request: 68.238668 seconds.
  path: Assets/Tiny RPG Forest/Artwork/sprites/hero/walk/herro-walk-side-flipped/hero-walk-side-5.png
  artifactKey: Guid(37098b8b7b1f31f4baf7d4d02d6c3d7a) Importer(815301076,1909f56bfc062723c751e8b465ee728b)
Number of updated assets reloaded before import = 0
Start importing Assets/Tiny RPG Forest/Artwork/sprites/hero/walk/herro-walk-side-flipped/hero-walk-side-5.png using Guid(37098b8b7b1f31f4baf7d4d02d6c3d7a) Importer(815301076,1909f56bfc062723c751e8b465ee728b)  -> (artifact id: '9b95b47f7fdb464168a18bb76d146d51') in 0.046882 seconds 
Number of asset objects unloaded after import = 3
========================================================================
Received Import Request.
  Time since last request: 0.000039 seconds.
  path: Assets/Tiny RPG Forest/Artwork/sprites/hero/walk/herro-walk-side-flipped/hero-walk-side-2.png
  artifactKey: Guid(950059888c259e1439fdbb4616917747) Importer(815301076,1909f56bfc062723c751e8b465ee728b)
Number of updated assets reloaded before import = 0
Start importing Assets/Tiny RPG Forest/Artwork/sprites/hero/walk/herro-walk-side-flipped/hero-walk-side-2.png using Guid(950059888c259e1439fdbb4616917747) Importer(815301076,1909f56bfc062723c751e8b465ee728b)  -> (artifact id: '6f8d5e05a4338a4a71aa75c983b6992a') in 0.023610 seconds 
Number of asset objects unloaded after import = 3
========================================================================
Received Import Request.
  Time since last request: 0.000039 seconds.
  path: Assets/Tiny RPG Forest/Artwork/sprites/hero/walk/herro-walk-side-flipped/hero-walk-side-4.png
  artifactKey: Guid(896d5cc3dd1dd6242aa88876ae22c328) Importer(815301076,1909f56bfc062723c751e8b465ee728b)
Number of updated assets reloaded before import = 0
Start importing Assets/Tiny RPG Forest/Artwork/sprites/hero/walk/herro-walk-side-flipped/hero-walk-side-4.png using Guid(896d5cc3dd1dd6242aa88876ae22c328) Importer(815301076,1909f56bfc062723c751e8b465ee728b)  -> (artifact id: '0b3a8fabe811a7209ce979a8017a0d27') in 0.034843 seconds 
Number of asset objects unloaded after import = 3
========================================================================
Received Import Request.
  Time since last request: 0.000310 seconds.
  path: Assets/Tiny RPG Forest/Artwork/sprites/hero/walk/herro-walk-side-flipped/hero-walk-side-3.png
  artifactKey: Guid(46e2def32c036a6469f1d1885e84bb19) Importer(815301076,1909f56bfc062723c751e8b465ee728b)
Number of updated assets reloaded before import = 0
Start importing Assets/Tiny RPG Forest/Artwork/sprites/hero/walk/herro-walk-side-flipped/hero-walk-side-3.png using Guid(46e2def32c036a6469f1d1885e84bb19) Importer(815301076,1909f56bfc062723c751e8b465ee728b)  -> (artifact id: '2523b96bcc1f840583ad22058055711d') in 0.031045 seconds 
Number of asset objects unloaded after import = 3
========================================================================
Received Import Request.
  Time since last request: 449.874967 seconds.
  path: Assets/Animations/WalkDown.anim
  artifactKey: Guid(7953df55f3339374fa1d74e002d73414) Importer(815301076,1909f56bfc062723c751e8b465ee728b)
Number of updated assets reloaded before import = 0
Start importing Assets/Animations/WalkDown.anim using Guid(7953df55f3339374fa1d74e002d73414) Importer(815301076,1909f56bfc062723c751e8b465ee728b)  -> (artifact id: 'f1f88132cb3cdbc712b20de5106c2115') in 0.030809 seconds 
Number of asset objects unloaded after import = 1
